
vhdlfe V6.3 IR 35:  VHDL parser
Sat Jun 06 20:18:35 2020

Setting library 'work' to directory 'lc22v10'

vhdlfe:  No errors.


vhdlfe V6.3 IR 35:  VHDL parser
Sat Jun 06 20:19:35 2020

Setting library 'work' to directory 'lc22v10'

vhdlfe:  No errors.


vhdlfe V6.3 IR 35:  VHDL parser
Sat Jun 06 20:19:58 2020

Setting library 'work' to directory 'lc22v10'

vhdlfe:  No errors.


vhdlfe V6.3 IR 35:  VHDL parser
Mon Jun 08 14:01:08 2020

Setting library 'work' to directory 'lc22v10'

vhdlfe:  No errors.


vhdlfe V6.3 IR 35:  VHDL parser
Sat Jun 20 17:16:15 2020

Setting library 'work' to directory 'lc22v10'

vhdlfe:  No errors.

