
     | | | | | | |
   _________________
  -|               |-
  -|               |-
  -|               |-
  -|    CYPRESS    |-
  -|               |-
  -|               |-   Warp VHDL Synthesis Compiler: Version 6.3 IR 35
  -|               |-   Copyright (C) 1991-2001 Cypress Semiconductor
   |_______________|
     | | | | | | |

======================================================================
Compiling:  sumofsixteen.vhd
Options:    -m -yu -e10 -w100 -o1 -ygs -fP -v10 -aembass comyconta.vhd BCDtosegm.vhd modulo_1.vhd packagecomps.vhd sumofsixteen.vhd -u libproy.hie
======================================================================

vhdlfe V6.3 IR 35:  VHDL parser
Mon Jun 22 22:06:41 2020

Linking 'C:\Archivos de programa\Cypress\Warp\bin\std.vhd'.
Linking 'C:\Archivos de programa\Cypress\Warp\lib\common\cypress.vhd'.
Linking 'C:\Archivos de programa\Cypress\Warp\lib\common\work\cypress.vif'.
Library 'ieee' => directory 'C:\Archivos de programa\Cypress\Warp\lib\ieee\work'
Linking 'C:\Archivos de programa\Cypress\Warp\lib\ieee\work\stdlogic.vif'.
Linking 'C:\Archivos de programa\Cypress\Warp\lib\common\stdlogic\lpmpkg.vif'.
Linking 'C:\Archivos de programa\Cypress\Warp\lib\common\stdlogic\rtlpkg.vif'.
Linking 'C:\Archivos de programa\Cypress\Warp\lib\common\stdlogic\mod_cnst.vif'.
Linking 'C:\Archivos de programa\Cypress\Warp\lib\common\stdlogic\mod_mth.vif'.
Linking 'C:\Archivos de programa\Cypress\Warp\lib\common\stdlogic\mod_gen.vif'.

vhdlfe:  No errors.


tovif V6.3 IR 35:  High-level synthesis
Mon Jun 22 22:06:41 2020

Linking 'C:\Archivos de programa\Cypress\Warp\bin\std.vhd'.
Linking 'C:\Archivos de programa\Cypress\Warp\lib\common\cypress.vhd'.
Linking 'C:\Archivos de programa\Cypress\Warp\lib\common\work\cypress.vif'.
Linking 'C:\Archivos de programa\Cypress\Warp\lib\ieee\work\stdlogic.vif'.
Linking 'C:\Archivos de programa\Cypress\Warp\lib\common\stdlogic\lpmpkg.vif'.
Linking 'C:\Archivos de programa\Cypress\Warp\lib\common\stdlogic\rtlpkg.vif'.
Linking 'C:\Archivos de programa\Cypress\Warp\lib\common\stdlogic\mod_cnst.vif'.
Linking 'C:\Archivos de programa\Cypress\Warp\lib\common\stdlogic\mod_mth.vif'.
Linking 'C:\Archivos de programa\Cypress\Warp\lib\common\stdlogic\mod_gen.vif'.
sumofsixteen.vhd (line 20, col 6):  Warning: (W460) 'sum2(7)' unassigned in arch. 'arq_sumdos' of sumador2.
Added entity 'sumador2' to library 'embass'
Added architecture 'arq_sumdos' to library 'embass'

tovif:  No errors.  1 warning.


topld V6.3 IR 35:  Synthesis and optimization
Mon Jun 22 22:06:42 2020

Linking 'C:\Archivos de programa\Cypress\Warp\bin\std.vhd'.
Linking 'C:\Archivos de programa\Cypress\Warp\lib\common\cypress.vhd'.
Linking 'C:\Archivos de programa\Cypress\Warp\lib\common\work\cypress.vif'.
Linking 'C:\Archivos de programa\Cypress\Warp\lib\ieee\work\stdlogic.vif'.
Linking 'C:\Archivos de programa\Cypress\Warp\lib\common\stdlogic\lpmpkg.vif'.
Linking 'C:\Archivos de programa\Cypress\Warp\lib\common\stdlogic\rtlpkg.vif'.
Linking 'C:\Archivos de programa\Cypress\Warp\lib\common\stdlogic\mod_cnst.vif'.
Linking 'C:\Archivos de programa\Cypress\Warp\lib\common\stdlogic\mod_mth.vif'.
Linking 'C:\Archivos de programa\Cypress\Warp\lib\common\stdlogic\mod_gen.vif'.
topld:  sumofsixteen.vhd:  Warning: (W445) No binding architecture found.

topld:  No errors.  1 warning.

