
     | | | | | | |
   _________________
  -|               |-
  -|               |-
  -|               |-
  -|    CYPRESS    |-
  -|               |-
  -|               |-   Warp VHDL Synthesis Compiler: Version 6.3 IR 35
  -|               |-   Copyright (C) 1991-2001 Cypress Semiconductor
   |_______________|
     | | | | | | |

======================================================================
Compiling:  ochobitsreg.vhd
Options:    -m -yu -e10 -w100 -o2 -ygs -fP -v10 -dc22v10 -ppalce22v10-25pc/pi -b ochobitsreg.vhd -u regochob.hie
======================================================================

vhdlfe V6.3 IR 35:  VHDL parser
Mon Jun 08 19:54:49 2020

Library 'work' => directory 'lc22v10'
Linking 'C:\Archivos de programa\Cypress\Warp\bin\std.vhd'.
Linking 'C:\Archivos de programa\Cypress\Warp\lib\common\cypress.vhd'.
Linking 'C:\Archivos de programa\Cypress\Warp\lib\common\work\cypress.vif'.
Library 'ieee' => directory 'C:\Archivos de programa\Cypress\Warp\lib\ieee\work'
Linking 'C:\Archivos de programa\Cypress\Warp\lib\ieee\work\stdlogic.vif'.

vhdlfe:  No errors.


tovif V6.3 IR 35:  High-level synthesis
Mon Jun 08 19:54:49 2020

Linking 'C:\Archivos de programa\Cypress\Warp\bin\std.vhd'.
Linking 'C:\Archivos de programa\Cypress\Warp\lib\common\cypress.vhd'.
Linking 'C:\Archivos de programa\Cypress\Warp\lib\common\work\cypress.vif'.
Linking 'C:\Archivos de programa\Cypress\Warp\lib\ieee\work\stdlogic.vif'.

tovif:  No errors.


topld V6.3 IR 35:  Synthesis and optimization
Mon Jun 08 19:54:49 2020

Linking 'C:\Archivos de programa\Cypress\Warp\bin\std.vhd'.
Linking 'C:\Archivos de programa\Cypress\Warp\lib\common\cypress.vhd'.
Linking 'C:\Archivos de programa\Cypress\Warp\lib\common\work\cypress.vif'.
Linking 'C:\Archivos de programa\Cypress\Warp\lib\ieee\work\stdlogic.vif'.

----------------------------------------------------------
Detecting unused logic.
----------------------------------------------------------



------------------------------------------------------
Alias Detection
------------------------------------------------------

------------------------------------------------------
Aliased 0 equations, 8 wires.
------------------------------------------------------

----------------------------------------------------------
Circuit simplification
----------------------------------------------------------

----------------------------------------------------------
Circuit simplification results:

	Expanded 0 signals.
	Turned 0 signals into soft nodes.
	Maximum default expansion cost was set at 10.
----------------------------------------------------------
Created 25 PLD nodes.

topld:  No errors.

----------------------------------------------------------------------------
PLD Optimizer Software:       DSGNOPT.EXE    31/03/2000  [v4.02 ] 6.3 IR 35

DESIGN HEADER INFORMATION  (19:54:50)

Input File(s): ochobitsreg.pla
Device       : C22V10
Package      : palce22v10-25pc/pi
ReportFile   : ochobitsreg.rpt

Program Controls:
    COMMAND LANGUAGE_VHDL 
    COMMAND PROPERTY BUS_HOLD ENABLE 

Signal Requests:
    GROUP USEPOL ALL
    GROUP FAST_SLEW ALL

Completed Successfully  
----------------------------------------------------------------------------
PLD Optimizer Software:       DSGNOPT.EXE    31/03/2000  [v4.02 ] 6.3 IR 35

OPTIMIZATION OPTIONS       (19:54:50)

Messages:
  Information: Selected logic optimization OFF for signals:
         q(0).D q(0).C q(1).D q(1).C q(2).D q(2).C q(3).D q(3).C q(4).D q(4).C
         q(5).D q(5).C q(6).D q(6).C q(7).D q(7).C



Summary:
                 Error Count = 0      Warning Count = 0

Completed Successfully  
----------------------------------------------------------------------------
PLD Optimizer Software:       MINOPT.EXE     01/NOV/1999  [v4.02 ] 6.3 IR 35

LOGIC MINIMIZATION         ()

Messages:


Summary:
                 Error Count = 0      Warning Count = 0

Completed Successfully
----------------------------------------------------------------------------
PLD Optimizer Software:       DSGNOPT.EXE    31/03/2000  [v4.02 ] 6.3 IR 35

OPTIMIZATION OPTIONS       (19:54:51)

Messages:
  Information: Optimizing Banked Preset/Reset requirements.


Summary:
                 Error Count = 0      Warning Count = 0

Completed Successfully  
----------------------------------------------------------------------------
PLD Compiler Software:        PLA2JED.EXE    31/03/2000  [v4.02 ] 6.3 IR 35

<CYPRESSTAG name="Equations" icon=FILE_RPT_EQUATION>
DESIGN EQUATIONS           (19:54:51)
</CYPRESSTAG>

    q(0).D =
          d(0) 

    q(0).AR =
          GND

    q(0).SP =
          GND

    q(0).C =
          clk 

    q(1).D =
          d(1) 

    q(1).AR =
          GND

    q(1).SP =
          GND

    q(1).C =
          clk 

    q(2).D =
          d(2) 

    q(2).AR =
          GND

    q(2).SP =
          GND

    q(2).C =
          clk 

    q(3).D =
          d(3) 

    q(3).AR =
          GND

    q(3).SP =
          GND

    q(3).C =
          clk 

    q(4).D =
          d(4) 

    q(4).AR =
          GND

    q(4).SP =
          GND

    q(4).C =
          clk 

    q(5).D =
          d(5) 

    q(5).AR =
          GND

    q(5).SP =
          GND

    q(5).C =
          clk 

    q(6).D =
          d(6) 

    q(6).AR =
          GND

    q(6).SP =
          GND

    q(6).C =
          clk 

    q(7).D =
          d(7) 

    q(7).AR =
          GND

    q(7).SP =
          GND

    q(7).C =
          clk 


Completed Successfully  
----------------------------------------------------------------------------
PLD Compiler Software:        PLA2JED.EXE    31/03/2000  [v4.02 ] 6.3 IR 35

DESIGN RULE CHECK          (19:54:51)

Messages:
                 None.


Summary:
                 Error Count = 0      Warning Count = 0

Completed Successfully  
----------------------------------------------------------------------------
PLD Compiler Software:        PLA2JED.EXE    31/03/2000  [v4.02 ] 6.3 IR 35

<CYPRESSTAG name="Pinout" icon=FILE_RPT_PINOUT>
PINOUT INFORMATION   (19:54:51)
</CYPRESSTAG>
Messages:
  Information: Checking for duplicate NODE logic.
                 None.


                                 C22V10
                 __________________________________________
            clk =| 1|                                  |24|* not used       
           d(7) =| 2|                                  |23|= q(6)           
           d(6) =| 3|                                  |22|= q(4)           
           d(5) =| 4|                                  |21|= q(2)           
           d(4) =| 5|                                  |20|= q(0)           
           d(3) =| 6|                                  |19|* not used       
           d(2) =| 7|                                  |18|* not used       
           d(1) =| 8|                                  |17|= q(1)           
           d(0) =| 9|                                  |16|= q(3)           
       not used *|10|                                  |15|= q(5)           
       not used *|11|                                  |14|= q(7)           
       not used *|12|                                  |13|* not used       
                 __________________________________________


Summary:
                 Error Count = 0      Warning Count = 0

Completed Successfully  
----------------------------------------------------------------------------
PLD Compiler Software:        PLA2JED.EXE    31/03/2000  [v4.02 ] 6.3 IR 35

<CYPRESSTAG name="Utilization" icon=FILE_RPT_UTILIZATION>
RESOURCE UTILIZATION (19:54:51)
</CYPRESSTAG>
  Information: Macrocell Utilization.

                     Description        Used     Max
                 ______________________________________
                 | Dedicated Inputs   |    8  |   11  |
                 | Clock/Inputs       |    1  |    1  |
                 | I/O Macrocells     |    8  |   10  |
                 ______________________________________
                                          17  /   22   = 77  %


  Information: Output Logic Product Term Utilization.

                  Node#  Output Signal Name  Used   Max
                 ________________________________________
                 | 14  |  q(7)            |   1  |   8  |
                 | 15  |  q(5)            |   1  |  10  |
                 | 16  |  q(3)            |   1  |  12  |
                 | 17  |  q(1)            |   1  |  14  |
                 | 18  |  Unused          |   0  |  16  |
                 | 19  |  Unused          |   0  |  16  |
                 | 20  |  q(0)            |   1  |  14  |
                 | 21  |  q(2)            |   1  |  12  |
                 | 22  |  q(4)            |   1  |  10  |
                 | 23  |  q(6)            |   1  |   8  |
                 | 25  |  Unused          |   0  |   1  |
                 ________________________________________
                                              8  / 121   = 6   %


Completed Successfully  
----------------------------------------------------------------------------
PLD Compiler Software:        PLA2JED.EXE    31/03/2000  [v4.02 ] 6.3 IR 35

JEDEC ASSEMBLE             (19:54:51)

Messages:
  Information: Output file 'ochobitsreg.pin' created.
  Information: Output file 'ochobitsreg.jed' created.

  Usercode:    
  Checksum:    580E



Summary:
                 Error Count = 0      Warning Count = 0

Completed Successfully at 19:54:51
