
vhdlfe V6.3 IR 35:  VHDL parser
Sun Jun 21 13:13:58 2020

Setting library 'work' to directory 'lc22v10'

vhdlfe:  No errors.


vhdlfe V6.3 IR 35:  VHDL parser
Sun Jun 21 13:15:48 2020

Setting library 'work' to directory 'lc22v10'

vhdlfe:  No errors.


vhdlfe V6.3 IR 35:  VHDL parser
Sun Jun 21 14:55:35 2020

Setting library 'work' to directory 'lc372i'

vhdlfe:  No errors.


vhdlfe V6.3 IR 35:  VHDL parser
Mon Jun 22 15:48:35 2020

Setting library 'work' to directory 'lc372i'

vhdlfe:  No errors.


vhdlfe V6.3 IR 35:  VHDL parser
Mon Jun 22 15:49:11 2020

Setting library 'work' to directory 'lc372i'

vhdlfe:  No errors.


vhdlfe V6.3 IR 35:  VHDL parser
Mon Jun 22 15:50:01 2020

Setting library 'work' to directory 'lc372i'

vhdlfe:  No errors.


vhdlfe V6.3 IR 35:  VHDL parser
Mon Jun 22 15:54:38 2020

Setting library 'work' to directory 'lc372i'

vhdlfe:  No errors.


vhdlfe V6.3 IR 35:  VHDL parser
Mon Jun 22 15:56:58 2020

Setting library 'work' to directory 'lc372i'

vhdlfe:  No errors.


vhdlfe V6.3 IR 35:  VHDL parser
Mon Jun 22 16:11:47 2020

Setting library 'work' to directory 'lc372i'

vhdlfe:  No errors.


vhdlfe V6.3 IR 35:  VHDL parser
Mon Jun 22 16:14:53 2020

Setting library 'work' to directory 'lc372i'

vhdlfe:  No errors.


vhdlfe V6.3 IR 35:  VHDL parser
Mon Jun 22 16:16:37 2020

Setting library 'work' to directory 'lc372i'

vhdlfe:  No errors.


vhdlfe V6.3 IR 35:  VHDL parser
Mon Jun 22 16:23:38 2020

Setting library 'work' to directory 'lc372i'

vhdlfe:  No errors.


vhdlfe V6.3 IR 35:  VHDL parser
Mon Jun 22 16:24:45 2020

Setting library 'work' to directory 'lc372i'

vhdlfe:  No errors.


vhdlfe V6.3 IR 35:  VHDL parser
Mon Jun 22 16:25:07 2020

Setting library 'work' to directory 'lc372i'

vhdlfe:  No errors.


vhdlfe V6.3 IR 35:  VHDL parser
Mon Jun 22 16:25:35 2020

Setting library 'work' to directory 'lc372i'

vhdlfe:  No errors.


vhdlfe V6.3 IR 35:  VHDL parser
Mon Jun 22 16:50:43 2020

Setting library 'work' to directory 'lc372i'

vhdlfe:  No errors.


vhdlfe V6.3 IR 35:  VHDL parser
Mon Jun 22 16:51:27 2020

Setting library 'work' to directory 'lc372i'

vhdlfe:  No errors.


vhdlfe V6.3 IR 35:  VHDL parser
Mon Jun 22 16:51:39 2020

Setting library 'work' to directory 'lc372i'

vhdlfe:  No errors.


vhdlfe V6.3 IR 35:  VHDL parser
Mon Jun 22 16:53:04 2020

Setting library 'work' to directory 'lc374i'

vhdlfe:  No errors.


vhdlfe V6.3 IR 35:  VHDL parser
Mon Jun 22 16:54:28 2020

Setting library 'work' to directory 'lc374i'

vhdlfe:  No errors.


vhdlfe V6.3 IR 35:  VHDL parser
Mon Jun 22 16:55:04 2020

Setting library 'work' to directory 'lc372i'

vhdlfe:  No errors.


vhdlfe V6.3 IR 35:  VHDL parser
Mon Jun 22 18:13:45 2020

Setting library 'work' to directory 'lc372i'

vhdlfe:  No errors.

